# JRE version: 7.0_11-b21
# Java VM: Java HotSpot(TM) 64-Bit Server VM (23.6-b04 mixed mode windows-amd64 compressed oops)
Heap
 PSYoungGen      total 52864K, used 45453K [0x00000000fa000000, 0x00000000fdf00000, 0x0000000100000000)
  eden space 43776K, 100% used [0x00000000fa000000,0x00000000fcac0000,0x00000000fcac0000)
  from space 9088K, 18% used [0x00000000fd620000,0x00000000fd7c3580,0x00000000fdf00000)
  to   space 10368K, 0% used [0x00000000fcac0000,0x00000000fcac0000,0x00000000fd4e0000)
 ParOldGen       total 172224K, used 172034K [0x00000000e8000000, 0x00000000f2830000, 0x00000000fa000000)
  object space 172224K, 99% used [0x00000000e8000000,0x00000000f2800b70,0x00000000f2830000)
 PSPermGen       total 114560K, used 67195K [0x00000000e0000000, 0x00000000e6fe0000, 0x00000000e8000000)
  object space 114560K, 58% used [0x00000000e0000000,0x00000000e419ecc8,0x00000000e6fe0000)
GC Heap History (10 events):
Event: 20513.875 GC heap before
{Heap before GC invocations=176 (full 4):
 PSYoungGen      total 52096K, used 52064K [0x00000000fa000000, 0x00000000fe740000, 0x0000000100000000)
  eden space 49408K, 100% used [0x00000000fa000000,0x00000000fd040000,0x00000000fd040000)
  from space 2688K, 98% used [0x00000000fd180000,0x00000000fd418370,0x00000000fd420000)
  to   space 11776K, 0% used [0x00000000fdbc0000,0x00000000fdbc0000,0x00000000fe740000)
 ParOldGen       total 102336K, used 63578K [0x00000000e8000000, 0x00000000ee3f0000, 0x00000000fa000000)
  object space 102336K, 62% used [0x00000000e8000000,0x00000000ebe16b10,0x00000000ee3f0000)
 PSPermGen       total 114560K, used 67191K [0x00000000e0000000, 0x00000000e6fe0000, 0x00000000e8000000)
  object space 114560K, 58% used [0x00000000e0000000,0x00000000e419df60,0x00000000e6fe0000)
Event: 20513.883 GC heap after
Heap after GC invocations=176 (full 4):
 PSYoungGen      total 58240K, used 2172K [0x00000000fa000000, 0x00000000fe590000, 0x0000000100000000)
  eden space 48192K, 0% used [0x00000000fa000000,0x00000000fa000000,0x00000000fcf10000)
  from space 10048K, 21% used [0x00000000fdbc0000,0x00000000fdddf3e0,0x00000000fe590000)
  to   space 11520K, 0% used [0x00000000fcf10000,0x00000000fcf10000,0x00000000fda50000)
 ParOldGen       total 102336K, used 63626K [0x00000000e8000000, 0x00000000ee3f0000, 0x00000000fa000000)
  object space 102336K, 62% used [0x00000000e8000000,0x00000000ebe22b10,0x00000000ee3f0000)
 PSPermGen       total 114560K, used 67191K [0x00000000e0000000, 0x00000000e6fe0000, 0x00000000e8000000)
  object space 114560K, 58% used [0x00000000e0000000,0x00000000e419df60,0x00000000e6fe0000)
}
Event: 20657.667 GC heap before
{Heap before GC invocations=177 (full 4):
 PSYoungGen      total 58240K, used 50364K [0x00000000fa000000, 0x00000000fe590000, 0x0000000100000000)
  eden space 48192K, 100% used [0x00000000fa000000,0x00000000fcf10000,0x00000000fcf10000)
  from space 10048K, 21% used [0x00000000fdbc0000,0x00000000fdddf3e0,0x00000000fe590000)
  to   space 11520K, 0% used [0x00000000fcf10000,0x00000000fcf10000,0x00000000fda50000)
 ParOldGen       total 102336K, used 63626K [0x00000000e8000000, 0x00000000ee3f0000, 0x00000000fa000000)
  object space 102336K, 62% used [0x00000000e8000000,0x00000000ebe22b10,0x00000000ee3f0000)
 PSPermGen       total 114560K, used 67193K [0x00000000e0000000, 0x00000000e6fe0000, 0x00000000e8000000)
  object space 114560K, 58% used [0x00000000e0000000,0x00000000e419e520,0x00000000e6fe0000)
Event: 20657.685 GC heap after
Heap after GC invocations=177 (full 4):
 PSYoungGen      total 49600K, used 2541K [0x00000000fa000000, 0x00000000fe3d0000, 0x0000000100000000)
  eden space 47040K, 0% used [0x00000000fa000000,0x00000000fa000000,0x00000000fcdf0000)
  from space 2560K, 99% used [0x00000000fcf10000,0x00000000fd18b590,0x00000000fd190000)
  to   space 11200K, 0% used [0x00000000fd8e0000,0x00000000fd8e0000,0x00000000fe3d0000)
 ParOldGen       total 102336K, used 63634K [0x00000000e8000000, 0x00000000ee3f0000, 0x00000000fa000000)
  object space 102336K, 62% used [0x00000000e8000000,0x00000000ebe24b10,0x00000000ee3f0000)
 PSPermGen       total 114560K, used 67193K [0x00000000e0000000, 0x00000000e6fe0000, 0x00000000e8000000)
  object space 114560K, 58% used [0x00000000e0000000,0x00000000e419e520,0x00000000e6fe0000)
}
Event: 20825.656 GC heap before
{Heap before GC invocations=178 (full 4):
 PSYoungGen      total 49600K, used 49581K [0x00000000fa000000, 0x00000000fe3d0000, 0x0000000100000000)
  eden space 47040K, 100% used [0x00000000fa000000,0x00000000fcdf0000,0x00000000fcdf0000)
  from space 2560K, 99% used [0x00000000fcf10000,0x00000000fd18b590,0x00000000fd190000)
  to   space 11200K, 0% used [0x00000000fd8e0000,0x00000000fd8e0000,0x00000000fe3d0000)
 ParOldGen       total 102336K, used 63634K [0x00000000e8000000, 0x00000000ee3f0000, 0x00000000fa000000)
  object space 102336K, 62% used [0x00000000e8000000,0x00000000ebe24b10,0x00000000ee3f0000)
 PSPermGen       total 114560K, used 67194K [0x00000000e0000000, 0x00000000e6fe0000, 0x00000000e8000000)
  object space 114560K, 58% used [0x00000000e0000000,0x00000000e419e9a8,0x00000000e6fe0000)
Event: 20825.665 GC heap after
Heap after GC invocations=178 (full 4):
 PSYoungGen      total 55424K, used 1922K [0x00000000fa000000, 0x00000000fe230000, 0x0000000100000000)
  eden space 45888K, 0% used [0x00000000fa000000,0x00000000fa000000,0x00000000fccd0000)
  from space 9536K, 20% used [0x00000000fd8e0000,0x00000000fdac0ae0,0x00000000fe230000)
  to   space 10944K, 0% used [0x00000000fccd0000,0x00000000fccd0000,0x00000000fd780000)
 ParOldGen       total 102336K, used 63658K [0x00000000e8000000, 0x00000000ee3f0000, 0x00000000fa000000)
  object space 102336K, 62% used [0x00000000e8000000,0x00000000ebe2ab10,0x00000000ee3f0000)
 PSPermGen       total 114560K, used 67194K [0x00000000e0000000, 0x00000000e6fe0000, 0x00000000e8000000)
  object space 114560K, 58% used [0x00000000e0000000,0x00000000e419e9a8,0x00000000e6fe0000)
}
Event: 20991.812 GC heap before
{Heap before GC invocations=179 (full 4):
 PSYoungGen      total 55424K, used 47810K [0x00000000fa000000, 0x00000000fe230000, 0x0000000100000000)
  eden space 45888K, 100% used [0x00000000fa000000,0x00000000fccd0000,0x00000000fccd0000)
  from space 9536K, 20% used [0x00000000fd8e0000,0x00000000fdac0ae0,0x00000000fe230000)
  to   space 10944K, 0% used [0x00000000fccd0000,0x00000000fccd0000,0x00000000fd780000)
 ParOldGen       total 102336K, used 63658K [0x00000000e8000000, 0x00000000ee3f0000, 0x00000000fa000000)
  object space 102336K, 62% used [0x00000000e8000000,0x00000000ebe2ab10,0x00000000ee3f0000)
 PSPermGen       total 114560K, used 67194K [0x00000000e0000000, 0x00000000e6fe0000, 0x00000000e8000000)
  object space 114560K, 58% used [0x00000000e0000000,0x00000000e419e9a8,0x00000000e6fe0000)
Event: 20991.820 GC heap after
Heap after GC invocations=179 (full 4):
 PSYoungGen      total 46720K, used 1890K [0x00000000fa000000, 0x00000000fe080000, 0x0000000100000000)
  eden space 44800K, 0% used [0x00000000fa000000,0x00000000fa000000,0x00000000fcbc0000)
  from space 1920K, 98% used [0x00000000fccd0000,0x00000000fcea8ae0,0x00000000fceb0000)
  to   space 10624K, 0% used [0x00000000fd620000,0x00000000fd620000,0x00000000fe080000)
 ParOldGen       total 102336K, used 63666K [0x00000000e8000000, 0x00000000ee3f0000, 0x00000000fa000000)
  object space 102336K, 62% used [0x00000000e8000000,0x00000000ebe2cb10,0x00000000ee3f0000)
 PSPermGen       total 114560K, used 67194K [0x00000000e0000000, 0x00000000e6fe0000, 0x00000000e8000000)
  object space 114560K, 58% used [0x00000000e0000000,0x00000000e419e9a8,0x00000000e6fe0000)
}
Event: 21151.685 GC heap before
{Heap before GC invocations=180 (full 4):
 PSYoungGen      total 46720K, used 46690K [0x00000000fa000000, 0x00000000fe080000, 0x0000000100000000)
  eden space 44800K, 100% used [0x00000000fa000000,0x00000000fcbc0000,0x00000000fcbc0000)
  from space 1920K, 98% used [0x00000000fccd0000,0x00000000fcea8ae0,0x00000000fceb0000)
  to   space 10624K, 0% used [0x00000000fd620000,0x00000000fd620000,0x00000000fe080000)
 ParOldGen       total 102336K, used 63666K [0x00000000e8000000, 0x00000000ee3f0000, 0x00000000fa000000)
  object space 102336K, 62% used [0x00000000e8000000,0x00000000ebe2cb10,0x00000000ee3f0000)
 PSPermGen       total 114560K, used 67194K [0x00000000e0000000, 0x00000000e6fe0000, 0x00000000e8000000)
  object space 114560K, 58% used [0x00000000e0000000,0x00000000e419e9a8,0x00000000e6fe0000)
Event: 21151.703 GC heap after
Heap after GC invocations=180 (full 4):
 PSYoungGen      total 52864K, used 1677K [0x00000000fa000000, 0x00000000fdf00000, 0x0000000100000000)
  eden space 43776K, 0% used [0x00000000fa000000,0x00000000fa000000,0x00000000fcac0000)
  from space 9088K, 18% used [0x00000000fd620000,0x00000000fd7c3580,0x00000000fdf00000)
  to   space 10368K, 0% used [0x00000000fcac0000,0x00000000fcac0000,0x00000000fd4e0000)
 ParOldGen       total 102336K, used 63674K [0x00000000e8000000, 0x00000000ee3f0000, 0x00000000fa000000)
  object space 102336K, 62% used [0x00000000e8000000,0x00000000ebe2eb10,0x00000000ee3f0000)
 PSPermGen       total 114560K, used 67194K [0x00000000e0000000, 0x00000000e6fe0000, 0x00000000e8000000)
  object space 114560K, 58% used [0x00000000e0000000,0x00000000e419e9a8,0x00000000e6fe0000)
}

